timestamp: 2024-12-13T08:30:35.781617
CREATE TABLE "auth_user"(
    "id" INTEGER PRIMARY KEY AUTOINCREMENT,
    "username" CHAR(512) UNIQUE,
    "email" CHAR(512) UNIQUE,
    "password" CHAR(512),
    "first_name" CHAR(512),
    "last_name" CHAR(512),
    "sso_id" CHAR(512),
    "action_token" CHAR(512),
    "last_password_change" TIMESTAMP
);
success!
timestamp: 2024-12-13T08:30:35.806495
CREATE TABLE "auth_user_tag_groups"(
    "id" INTEGER PRIMARY KEY AUTOINCREMENT,
    "tagpath" CHAR(512),
    "record_id" INTEGER REFERENCES "auth_user" ("id") ON DELETE CASCADE ON UPDATE CASCADE  
);
success!
timestamp: 2024-12-13T08:30:35.846585
CREATE TABLE "person"(
    "id" INTEGER PRIMARY KEY AUTOINCREMENT,
    "name" CHAR(512),
    "job" CHAR(512)
);
success!
timestamp: 2024-12-13T08:30:35.863676
CREATE TABLE "superhero"(
    "id" INTEGER PRIMARY KEY AUTOINCREMENT,
    "name" CHAR(512),
    "real_identity" INTEGER REFERENCES "person" ("id") ON DELETE CASCADE ON UPDATE CASCADE  
);
success!
timestamp: 2024-12-13T08:30:35.875653
CREATE TABLE "superpower"(
    "id" INTEGER PRIMARY KEY AUTOINCREMENT,
    "description" CHAR(512)
);
success!
timestamp: 2024-12-13T08:30:35.888101
CREATE TABLE "tag"(
    "id" INTEGER PRIMARY KEY AUTOINCREMENT,
    "superhero" INTEGER REFERENCES "superhero" ("id") ON DELETE CASCADE ON UPDATE CASCADE  ,
    "superpower" INTEGER REFERENCES "superpower" ("id") ON DELETE CASCADE ON UPDATE CASCADE  ,
    "strength" INTEGER
);
success!
timestamp: 2024-12-13T08:30:35.905586
CREATE TABLE "thing"(
    "id" INTEGER PRIMARY KEY AUTOINCREMENT,
    "name" CHAR(512),
    "color" CHAR(512),
    "is_ready" CHAR(1),
    "time_created" TIME,
    "date_created" DATE,
    "timetime_created" TIMESTAMP
);
success!
timestamp: 2024-12-13T08:30:35.966536
CREATE TABLE "user_token"(
    "id" INTEGER PRIMARY KEY AUTOINCREMENT,
    "token" CHAR(512),
    "user_id" INTEGER REFERENCES "auth_user" ("id") ON DELETE CASCADE ON UPDATE CASCADE  
);
success!
timestamp: 2024-12-13T08:30:35.978599
CREATE TABLE "dummy"(
    "id" INTEGER PRIMARY KEY AUTOINCREMENT,
    "token" CHAR(512),
    "name" CHAR(512),
    "raw" TEXT
);
success!
timestamp: 2024-12-13T08:30:36.013885
CREATE TABLE "vue_form_table"(
    "id" INTEGER PRIMARY KEY AUTOINCREMENT,
    "first_name" CHAR(512),
    "last_name" CHAR(512),
    "read" CHAR(1),
    "animal" CHAR(512),
    "arrival_time" TIMESTAMP,
    "date_of_birth" DATE,
    "narrative" TEXT
);
success!
